2023-05-18 13:36:31,861 DEBUG    root            Loaded Command Group: ['gcloud', 'components']
2023-05-18 13:36:31,865 DEBUG    root            Loaded Command Group: ['gcloud', 'components', 'update']
2023-05-18 13:36:31,867 DEBUG    root            Running [gcloud.components.update] with arguments: [--allow-no-backup: "True", --compile-python: "True", --quiet: "True", COMPONENT-IDS:7: "['core', 'gcloud-deps', 'bq', 'gcloud', 'gcloud-crc32c', 'gsutil', 'anthoscli']"]
2023-05-18 13:36:31,868 INFO     ___FILE_ONLY___ Beginning update. This process may take several minutes.

2023-05-18 13:36:43,894 DEBUG    urllib3.connectionpool Starting new HTTPS connection (1): dl.google.com:443
2023-05-18 13:36:43,916 DEBUG    urllib3.connectionpool https://dl.google.com:443 "GET /dl/cloudsdk/channels/rapid/components-2.json HTTP/1.1" 200 206157
2023-05-18 13:36:43,931 INFO     ___FILE_ONLY___ 

2023-05-18 13:36:43,932 INFO     ___FILE_ONLY___ 
Your current Google Cloud CLI version is: 431.0.0

2023-05-18 13:36:43,932 INFO     ___FILE_ONLY___ Installing components from version: 431.0.0

2023-05-18 13:36:43,932 INFO     ___FILE_ONLY___ 

2023-05-18 13:36:43,932 DEBUG    root            Chosen display Format:table[box,title="These components will be removed."](details.display_name:label=Name:align=left,version.version_string:label=Version:align=right,data.size.size(zero="",min=1048576):label=Size:align=right)
2023-05-18 13:36:43,934 DEBUG    root            Chosen display Format:table[box,title="These components will be updated."](details.display_name:label=Name:align=left,version.version_string:label=Version:align=right,data.size.size(zero="",min=1048576):label=Size:align=right)
2023-05-18 13:36:43,935 DEBUG    root            Chosen display Format:table[box,title="These components will be installed."](details.display_name:label=Name:align=left,version.version_string:label=Version:align=right,data.size.size(zero="",min=1048576):label=Size:align=right)
2023-05-18 13:36:43,942 INFO     ___FILE_ONLY___ ┌─────────────────────────────────────────────────────────────────────────────┐
2023-05-18 13:36:43,942 INFO     ___FILE_ONLY___ 

2023-05-18 13:36:43,942 INFO     ___FILE_ONLY___ │                     These components will be installed.                     │
2023-05-18 13:36:43,942 INFO     ___FILE_ONLY___ 

2023-05-18 13:36:43,942 INFO     ___FILE_ONLY___ ├─────────────────────────────────────────────────────┬────────────┬──────────┤
2023-05-18 13:36:43,942 INFO     ___FILE_ONLY___ 

2023-05-18 13:36:43,943 INFO     ___FILE_ONLY___ │                         Name                        │  Version   │   Size   │
2023-05-18 13:36:43,943 INFO     ___FILE_ONLY___ 

2023-05-18 13:36:43,943 INFO     ___FILE_ONLY___ ├─────────────────────────────────────────────────────┼────────────┼──────────┤
2023-05-18 13:36:43,943 INFO     ___FILE_ONLY___ 

2023-05-18 13:36:43,943 INFO     ___FILE_ONLY___ │ 
2023-05-18 13:36:43,943 INFO     ___FILE_ONLY___ BigQuery Command Line Tool                         
2023-05-18 13:36:43,943 INFO     ___FILE_ONLY___  
2023-05-18 13:36:43,943 INFO     ___FILE_ONLY___ │ 
2023-05-18 13:36:43,943 INFO     ___FILE_ONLY___     2.0.92
2023-05-18 13:36:43,943 INFO     ___FILE_ONLY___  
2023-05-18 13:36:43,943 INFO     ___FILE_ONLY___ │ 
2023-05-18 13:36:43,943 INFO     ___FILE_ONLY___  1.6 MiB
2023-05-18 13:36:43,943 INFO     ___FILE_ONLY___  
2023-05-18 13:36:43,943 INFO     ___FILE_ONLY___ │
2023-05-18 13:36:43,943 INFO     ___FILE_ONLY___ 

2023-05-18 13:36:43,944 INFO     ___FILE_ONLY___ │ 
2023-05-18 13:36:43,944 INFO     ___FILE_ONLY___ BigQuery Command Line Tool (Platform Specific)     
2023-05-18 13:36:43,944 INFO     ___FILE_ONLY___  
2023-05-18 13:36:43,944 INFO     ___FILE_ONLY___ │ 
2023-05-18 13:36:43,944 INFO     ___FILE_ONLY___     2.0.77
2023-05-18 13:36:43,944 INFO     ___FILE_ONLY___  
2023-05-18 13:36:43,944 INFO     ___FILE_ONLY___ │ 
2023-05-18 13:36:43,944 INFO     ___FILE_ONLY___  < 1 MiB
2023-05-18 13:36:43,944 INFO     ___FILE_ONLY___  
2023-05-18 13:36:43,944 INFO     ___FILE_ONLY___ │
2023-05-18 13:36:43,944 INFO     ___FILE_ONLY___ 

2023-05-18 13:36:43,944 INFO     ___FILE_ONLY___ │ 
2023-05-18 13:36:43,944 INFO     ___FILE_ONLY___ Bundled Python 3.9                                 
2023-05-18 13:36:43,944 INFO     ___FILE_ONLY___  
2023-05-18 13:36:43,945 INFO     ___FILE_ONLY___ │ 
2023-05-18 13:36:43,945 INFO     ___FILE_ONLY___     3.9.16
2023-05-18 13:36:43,945 INFO     ___FILE_ONLY___  
2023-05-18 13:36:43,945 INFO     ___FILE_ONLY___ │ 
2023-05-18 13:36:43,945 INFO     ___FILE_ONLY___ 63.5 MiB
2023-05-18 13:36:43,945 INFO     ___FILE_ONLY___  
2023-05-18 13:36:43,945 INFO     ___FILE_ONLY___ │
2023-05-18 13:36:43,945 INFO     ___FILE_ONLY___ 

2023-05-18 13:36:43,945 INFO     ___FILE_ONLY___ │ 
2023-05-18 13:36:43,945 INFO     ___FILE_ONLY___ Cloud Storage Command Line Tool                    
2023-05-18 13:36:43,945 INFO     ___FILE_ONLY___  
2023-05-18 13:36:43,945 INFO     ___FILE_ONLY___ │ 
2023-05-18 13:36:43,945 INFO     ___FILE_ONLY___       5.23
2023-05-18 13:36:43,945 INFO     ___FILE_ONLY___  
2023-05-18 13:36:43,945 INFO     ___FILE_ONLY___ │ 
2023-05-18 13:36:43,946 INFO     ___FILE_ONLY___ 15.5 MiB
2023-05-18 13:36:43,946 INFO     ___FILE_ONLY___  
2023-05-18 13:36:43,946 INFO     ___FILE_ONLY___ │
2023-05-18 13:36:43,946 INFO     ___FILE_ONLY___ 

2023-05-18 13:36:43,946 INFO     ___FILE_ONLY___ │ 
2023-05-18 13:36:43,946 INFO     ___FILE_ONLY___ Cloud Storage Command Line Tool (Platform Specific)
2023-05-18 13:36:43,946 INFO     ___FILE_ONLY___  
2023-05-18 13:36:43,946 INFO     ___FILE_ONLY___ │ 
2023-05-18 13:36:43,946 INFO     ___FILE_ONLY___       5.13
2023-05-18 13:36:43,946 INFO     ___FILE_ONLY___  
2023-05-18 13:36:43,946 INFO     ___FILE_ONLY___ │ 
2023-05-18 13:36:43,946 INFO     ___FILE_ONLY___  < 1 MiB
2023-05-18 13:36:43,946 INFO     ___FILE_ONLY___  
2023-05-18 13:36:43,946 INFO     ___FILE_ONLY___ │
2023-05-18 13:36:43,946 INFO     ___FILE_ONLY___ 

2023-05-18 13:36:43,947 INFO     ___FILE_ONLY___ │ 
2023-05-18 13:36:43,947 INFO     ___FILE_ONLY___ Google Cloud CLI Core Libraries (Platform Specific)
2023-05-18 13:36:43,947 INFO     ___FILE_ONLY___  
2023-05-18 13:36:43,947 INFO     ___FILE_ONLY___ │ 
2023-05-18 13:36:43,947 INFO     ___FILE_ONLY___ 2022.09.20
2023-05-18 13:36:43,947 INFO     ___FILE_ONLY___  
2023-05-18 13:36:43,947 INFO     ___FILE_ONLY___ │ 
2023-05-18 13:36:43,947 INFO     ___FILE_ONLY___  < 1 MiB
2023-05-18 13:36:43,947 INFO     ___FILE_ONLY___  
2023-05-18 13:36:43,947 INFO     ___FILE_ONLY___ │
2023-05-18 13:36:43,947 INFO     ___FILE_ONLY___ 

2023-05-18 13:36:43,947 INFO     ___FILE_ONLY___ │ 
2023-05-18 13:36:43,947 INFO     ___FILE_ONLY___ Google Cloud CRC32C Hash Tool                      
2023-05-18 13:36:43,947 INFO     ___FILE_ONLY___  
2023-05-18 13:36:43,947 INFO     ___FILE_ONLY___ │ 
2023-05-18 13:36:43,948 INFO     ___FILE_ONLY___      1.0.0
2023-05-18 13:36:43,948 INFO     ___FILE_ONLY___  
2023-05-18 13:36:43,948 INFO     ___FILE_ONLY___ │ 
2023-05-18 13:36:43,948 INFO     ___FILE_ONLY___  1.2 MiB
2023-05-18 13:36:43,948 INFO     ___FILE_ONLY___  
2023-05-18 13:36:43,948 INFO     ___FILE_ONLY___ │
2023-05-18 13:36:43,948 INFO     ___FILE_ONLY___ 

2023-05-18 13:36:43,948 INFO     ___FILE_ONLY___ │ 
2023-05-18 13:36:43,948 INFO     ___FILE_ONLY___ anthoscli                                          
2023-05-18 13:36:43,948 INFO     ___FILE_ONLY___  
2023-05-18 13:36:43,948 INFO     ___FILE_ONLY___ │ 
2023-05-18 13:36:43,948 INFO     ___FILE_ONLY___     0.2.36
2023-05-18 13:36:43,948 INFO     ___FILE_ONLY___  
2023-05-18 13:36:43,948 INFO     ___FILE_ONLY___ │ 
2023-05-18 13:36:43,948 INFO     ___FILE_ONLY___ 68.4 MiB
2023-05-18 13:36:43,948 INFO     ___FILE_ONLY___  
2023-05-18 13:36:43,949 INFO     ___FILE_ONLY___ │
2023-05-18 13:36:43,949 INFO     ___FILE_ONLY___ 

2023-05-18 13:36:43,949 INFO     ___FILE_ONLY___ │ 
2023-05-18 13:36:43,949 INFO     ___FILE_ONLY___ gcloud cli dependencies                            
2023-05-18 13:36:43,949 INFO     ___FILE_ONLY___  
2023-05-18 13:36:43,949 INFO     ___FILE_ONLY___ │ 
2023-05-18 13:36:43,949 INFO     ___FILE_ONLY___ 2021.04.16
2023-05-18 13:36:43,949 INFO     ___FILE_ONLY___  
2023-05-18 13:36:43,949 INFO     ___FILE_ONLY___ │ 
2023-05-18 13:36:43,949 INFO     ___FILE_ONLY___  < 1 MiB
2023-05-18 13:36:43,949 INFO     ___FILE_ONLY___  
2023-05-18 13:36:43,949 INFO     ___FILE_ONLY___ │
2023-05-18 13:36:43,949 INFO     ___FILE_ONLY___ 

2023-05-18 13:36:43,949 INFO     ___FILE_ONLY___ └─────────────────────────────────────────────────────┴────────────┴──────────┘
2023-05-18 13:36:43,949 INFO     ___FILE_ONLY___ 

2023-05-18 13:36:43,950 INFO     ___FILE_ONLY___ 

2023-05-18 13:36:43,951 DEBUG    urllib3.connectionpool Starting new HTTPS connection (1): dl.google.com:443
2023-05-18 13:36:43,968 DEBUG    urllib3.connectionpool https://dl.google.com:443 "GET /dl/cloudsdk/channels/rapid/RELEASE_NOTES HTTP/1.1" 200 1000331
2023-05-18 13:36:43,994 INFO     ___FILE_ONLY___ For the latest full release notes, please visit:
  https://cloud.google.com/sdk/release_notes


2023-05-18 13:36:43,996 INFO     ___FILE_ONLY___ ╔════════════════════════════════════════════════════════════╗

2023-05-18 13:36:43,997 INFO     ___FILE_ONLY___ ╠═ Creating update staging area                             ═╣

2023-05-18 13:36:43,997 INFO     ___FILE_ONLY___ ╚
2023-05-18 13:36:43,997 INFO     ___FILE_ONLY___ ══════
2023-05-18 13:36:43,997 INFO     ___FILE_ONLY___ ══════
2023-05-18 13:36:43,997 INFO     ___FILE_ONLY___ ══════
2023-05-18 13:36:44,137 INFO     ___FILE_ONLY___ ═
2023-05-18 13:36:44,192 INFO     ___FILE_ONLY___ ═
2023-05-18 13:36:44,243 INFO     ___FILE_ONLY___ ═
2023-05-18 13:36:44,290 INFO     ___FILE_ONLY___ ═
2023-05-18 13:36:44,349 INFO     ___FILE_ONLY___ ═
2023-05-18 13:36:44,417 INFO     ___FILE_ONLY___ ═
2023-05-18 13:36:44,468 INFO     ___FILE_ONLY___ ═
2023-05-18 13:36:44,520 INFO     ___FILE_ONLY___ ═
2023-05-18 13:36:44,569 INFO     ___FILE_ONLY___ ═
2023-05-18 13:36:44,624 INFO     ___FILE_ONLY___ ═
2023-05-18 13:36:44,678 INFO     ___FILE_ONLY___ ═
2023-05-18 13:36:44,735 INFO     ___FILE_ONLY___ ═
2023-05-18 13:36:44,791 INFO     ___FILE_ONLY___ ═
2023-05-18 13:36:44,835 INFO     ___FILE_ONLY___ ═
2023-05-18 13:36:44,892 INFO     ___FILE_ONLY___ ═
2023-05-18 13:36:44,948 INFO     ___FILE_ONLY___ ═
2023-05-18 13:36:45,016 INFO     ___FILE_ONLY___ ═
2023-05-18 13:36:45,088 INFO     ___FILE_ONLY___ ═
2023-05-18 13:36:45,114 INFO     ___FILE_ONLY___ ═
2023-05-18 13:36:45,141 INFO     ___FILE_ONLY___ ═
2023-05-18 13:36:45,167 INFO     ___FILE_ONLY___ ═
2023-05-18 13:36:45,204 INFO     ___FILE_ONLY___ ═
2023-05-18 13:36:45,230 INFO     ___FILE_ONLY___ ═
2023-05-18 13:36:45,259 INFO     ___FILE_ONLY___ ═
2023-05-18 13:36:45,377 INFO     ___FILE_ONLY___ ═
2023-05-18 13:36:45,421 INFO     ___FILE_ONLY___ ═
2023-05-18 13:36:45,612 INFO     ___FILE_ONLY___ ═
2023-05-18 13:36:45,661 INFO     ___FILE_ONLY___ ═
2023-05-18 13:36:45,698 INFO     ___FILE_ONLY___ ═
2023-05-18 13:36:45,752 INFO     ___FILE_ONLY___ ═
2023-05-18 13:36:45,795 INFO     ___FILE_ONLY___ ═
2023-05-18 13:36:45,847 INFO     ___FILE_ONLY___ ═
2023-05-18 13:36:45,896 INFO     ___FILE_ONLY___ ═
2023-05-18 13:36:45,941 INFO     ___FILE_ONLY___ ═
2023-05-18 13:36:45,993 INFO     ___FILE_ONLY___ ═
2023-05-18 13:36:46,034 INFO     ___FILE_ONLY___ ═
2023-05-18 13:36:46,076 INFO     ___FILE_ONLY___ ═
2023-05-18 13:36:46,124 INFO     ___FILE_ONLY___ ═
2023-05-18 13:36:46,167 INFO     ___FILE_ONLY___ ═
2023-05-18 13:36:46,238 INFO     ___FILE_ONLY___ ═
2023-05-18 13:36:46,358 INFO     ___FILE_ONLY___ ═
2023-05-18 13:36:46,403 INFO     ___FILE_ONLY___ ═
2023-05-18 13:36:46,403 INFO     ___FILE_ONLY___ ╝

2023-05-18 13:36:46,576 INFO     ___FILE_ONLY___ ╔════════════════════════════════════════════════════════════╗

2023-05-18 13:36:46,576 INFO     ___FILE_ONLY___ ╠═ Installing: BigQuery Command Line Tool                   ═╣

2023-05-18 13:36:46,576 INFO     ___FILE_ONLY___ ╚
2023-05-18 13:36:46,578 DEBUG    urllib3.connectionpool Starting new HTTPS connection (1): dl.google.com:443
2023-05-18 13:36:46,597 DEBUG    urllib3.connectionpool https://dl.google.com:443 "GET /dl/cloudsdk/channels/rapid/components/google-cloud-sdk-bq-20230512143556.tar.gz HTTP/1.1" 200 1666086
2023-05-18 13:36:46,607 INFO     ___FILE_ONLY___ ═
2023-05-18 13:36:46,607 INFO     ___FILE_ONLY___ ═
2023-05-18 13:36:46,607 INFO     ___FILE_ONLY___ ═
2023-05-18 13:36:46,607 INFO     ___FILE_ONLY___ ═
2023-05-18 13:36:46,607 INFO     ___FILE_ONLY___ ═
2023-05-18 13:36:46,608 INFO     ___FILE_ONLY___ ═
2023-05-18 13:36:46,608 INFO     ___FILE_ONLY___ ═
2023-05-18 13:36:46,608 INFO     ___FILE_ONLY___ ═
2023-05-18 13:36:46,608 INFO     ___FILE_ONLY___ ═
2023-05-18 13:36:46,608 INFO     ___FILE_ONLY___ ═
2023-05-18 13:36:46,608 INFO     ___FILE_ONLY___ ═
2023-05-18 13:36:46,609 INFO     ___FILE_ONLY___ ═
2023-05-18 13:36:46,609 INFO     ___FILE_ONLY___ ═
2023-05-18 13:36:46,609 INFO     ___FILE_ONLY___ ═
2023-05-18 13:36:46,609 INFO     ___FILE_ONLY___ ═
2023-05-18 13:36:46,609 INFO     ___FILE_ONLY___ ═
2023-05-18 13:36:46,609 INFO     ___FILE_ONLY___ ═
2023-05-18 13:36:46,609 INFO     ___FILE_ONLY___ ═
2023-05-18 13:36:46,610 INFO     ___FILE_ONLY___ ═
2023-05-18 13:36:46,610 INFO     ___FILE_ONLY___ ═
2023-05-18 13:36:46,610 INFO     ___FILE_ONLY___ ═
2023-05-18 13:36:46,610 INFO     ___FILE_ONLY___ ═
2023-05-18 13:36:46,610 INFO     ___FILE_ONLY___ ═
2023-05-18 13:36:46,610 INFO     ___FILE_ONLY___ ═
2023-05-18 13:36:46,611 INFO     ___FILE_ONLY___ ═
2023-05-18 13:36:46,611 INFO     ___FILE_ONLY___ ═
2023-05-18 13:36:46,611 INFO     ___FILE_ONLY___ ═
2023-05-18 13:36:46,611 INFO     ___FILE_ONLY___ ═
2023-05-18 13:36:46,611 INFO     ___FILE_ONLY___ ═
2023-05-18 13:36:46,611 INFO     ___FILE_ONLY___ ═
2023-05-18 13:36:46,724 INFO     ___FILE_ONLY___ ═
2023-05-18 13:36:46,730 INFO     ___FILE_ONLY___ ═
2023-05-18 13:36:46,734 INFO     ___FILE_ONLY___ ═
2023-05-18 13:36:46,740 INFO     ___FILE_ONLY___ ═
2023-05-18 13:36:46,744 INFO     ___FILE_ONLY___ ═
2023-05-18 13:36:46,747 INFO     ___FILE_ONLY___ ═
2023-05-18 13:36:46,751 INFO     ___FILE_ONLY___ ═
2023-05-18 13:36:46,755 INFO     ___FILE_ONLY___ ═
2023-05-18 13:36:46,758 INFO     ___FILE_ONLY___ ═
2023-05-18 13:36:46,762 INFO     ___FILE_ONLY___ ═
2023-05-18 13:36:46,766 INFO     ___FILE_ONLY___ ═
2023-05-18 13:36:46,771 INFO     ___FILE_ONLY___ ═
2023-05-18 13:36:46,776 INFO     ___FILE_ONLY___ ═
2023-05-18 13:36:46,780 INFO     ___FILE_ONLY___ ═
2023-05-18 13:36:46,784 INFO     ___FILE_ONLY___ ═
2023-05-18 13:36:46,787 INFO     ___FILE_ONLY___ ═
2023-05-18 13:36:46,790 INFO     ___FILE_ONLY___ ═
2023-05-18 13:36:46,794 INFO     ___FILE_ONLY___ ═
2023-05-18 13:36:46,797 INFO     ___FILE_ONLY___ ═
2023-05-18 13:36:46,802 INFO     ___FILE_ONLY___ ═
2023-05-18 13:36:46,806 INFO     ___FILE_ONLY___ ═
2023-05-18 13:36:46,809 INFO     ___FILE_ONLY___ ═
2023-05-18 13:36:46,813 INFO     ___FILE_ONLY___ ═
2023-05-18 13:36:46,817 INFO     ___FILE_ONLY___ ═
2023-05-18 13:36:46,820 INFO     ___FILE_ONLY___ ═
2023-05-18 13:36:46,824 INFO     ___FILE_ONLY___ ═
2023-05-18 13:36:46,828 INFO     ___FILE_ONLY___ ═
2023-05-18 13:36:46,833 INFO     ___FILE_ONLY___ ═
2023-05-18 13:36:46,837 INFO     ___FILE_ONLY___ ═
2023-05-18 13:36:46,840 INFO     ___FILE_ONLY___ ═
2023-05-18 13:36:46,840 INFO     ___FILE_ONLY___ ╝

2023-05-18 13:36:46,852 INFO     ___FILE_ONLY___ ╔════════════════════════════════════════════════════════════╗

2023-05-18 13:36:46,852 INFO     ___FILE_ONLY___ ╠═ Installing: BigQuery Command Line Tool (Platform Spec... ═╣

2023-05-18 13:36:46,852 INFO     ___FILE_ONLY___ ╚
2023-05-18 13:36:46,854 DEBUG    urllib3.connectionpool Starting new HTTPS connection (1): dl.google.com:443
2023-05-18 13:36:46,873 DEBUG    urllib3.connectionpool https://dl.google.com:443 "GET /dl/cloudsdk/channels/rapid/components/google-cloud-sdk-bq-nix-20220920185015.tar.gz HTTP/1.1" 200 1837
2023-05-18 13:36:46,873 INFO     ___FILE_ONLY___ ══════════════════════════════
2023-05-18 13:36:46,874 INFO     ___FILE_ONLY___ ══════════════════════════════
2023-05-18 13:36:46,874 INFO     ___FILE_ONLY___ ╝

2023-05-18 13:36:46,881 INFO     ___FILE_ONLY___ ╔════════════════════════════════════════════════════════════╗

2023-05-18 13:36:46,881 INFO     ___FILE_ONLY___ ╠═ Installing: Bundled Python 3.9                           ═╣

2023-05-18 13:36:46,881 INFO     ___FILE_ONLY___ ╚
2023-05-18 13:36:46,885 INFO     ___FILE_ONLY___ ════════════════════════════════════════════════════════════
2023-05-18 13:36:46,885 INFO     ___FILE_ONLY___ ╝

2023-05-18 13:36:46,886 INFO     ___FILE_ONLY___ ╔════════════════════════════════════════════════════════════╗

2023-05-18 13:36:46,886 INFO     ___FILE_ONLY___ ╠═ Installing: Bundled Python 3.9                           ═╣

2023-05-18 13:36:46,887 INFO     ___FILE_ONLY___ ╚
2023-05-18 13:36:46,888 DEBUG    urllib3.connectionpool Starting new HTTPS connection (1): dl.google.com:443
2023-05-18 13:36:46,906 DEBUG    urllib3.connectionpool https://dl.google.com:443 "GET /dl/cloudsdk/channels/rapid/components/google-cloud-sdk-bundled-python3-unix-linux-x86_64-20230428152336.tar.gz HTTP/1.1" 200 66615539
2023-05-18 13:36:47,134 INFO     ___FILE_ONLY___ ═
2023-05-18 13:36:47,137 INFO     ___FILE_ONLY___ ═
2023-05-18 13:36:47,139 INFO     ___FILE_ONLY___ ═
2023-05-18 13:36:47,142 INFO     ___FILE_ONLY___ ═
2023-05-18 13:36:47,144 INFO     ___FILE_ONLY___ ═
2023-05-18 13:36:47,146 INFO     ___FILE_ONLY___ ═
2023-05-18 13:36:47,149 INFO     ___FILE_ONLY___ ═
2023-05-18 13:36:47,151 INFO     ___FILE_ONLY___ ═
2023-05-18 13:36:47,154 INFO     ___FILE_ONLY___ ═
2023-05-18 13:36:47,156 INFO     ___FILE_ONLY___ ═
2023-05-18 13:36:47,158 INFO     ___FILE_ONLY___ ═
2023-05-18 13:36:47,161 INFO     ___FILE_ONLY___ ═
2023-05-18 13:36:47,163 INFO     ___FILE_ONLY___ ═
2023-05-18 13:36:47,165 INFO     ___FILE_ONLY___ ═
2023-05-18 13:36:47,168 INFO     ___FILE_ONLY___ ═
2023-05-18 13:36:47,170 INFO     ___FILE_ONLY___ ═
2023-05-18 13:36:47,173 INFO     ___FILE_ONLY___ ═
2023-05-18 13:36:47,175 INFO     ___FILE_ONLY___ ═
2023-05-18 13:36:47,177 INFO     ___FILE_ONLY___ ═
2023-05-18 13:36:47,180 INFO     ___FILE_ONLY___ ═
2023-05-18 13:36:47,182 INFO     ___FILE_ONLY___ ═
2023-05-18 13:36:47,185 INFO     ___FILE_ONLY___ ═
2023-05-18 13:36:47,187 INFO     ___FILE_ONLY___ ═
2023-05-18 13:36:47,190 INFO     ___FILE_ONLY___ ═
2023-05-18 13:36:47,192 INFO     ___FILE_ONLY___ ═
2023-05-18 13:36:47,195 INFO     ___FILE_ONLY___ ═
2023-05-18 13:36:47,197 INFO     ___FILE_ONLY___ ═
2023-05-18 13:36:47,200 INFO     ___FILE_ONLY___ ═
2023-05-18 13:36:47,203 INFO     ___FILE_ONLY___ ═
2023-05-18 13:36:47,205 INFO     ___FILE_ONLY___ ═
2023-05-18 13:36:49,099 INFO     ___FILE_ONLY___ ═
2023-05-18 13:36:49,111 INFO     ___FILE_ONLY___ ═
2023-05-18 13:36:49,126 INFO     ___FILE_ONLY___ ═
2023-05-18 13:36:49,139 INFO     ___FILE_ONLY___ ═
2023-05-18 13:36:49,151 INFO     ___FILE_ONLY___ ═
2023-05-18 13:36:49,168 INFO     ___FILE_ONLY___ ═
2023-05-18 13:36:49,184 INFO     ___FILE_ONLY___ ═
2023-05-18 13:36:49,204 INFO     ___FILE_ONLY___ ═
2023-05-18 13:36:49,221 INFO     ___FILE_ONLY___ ═
2023-05-18 13:36:49,233 INFO     ___FILE_ONLY___ ═
2023-05-18 13:36:49,252 INFO     ___FILE_ONLY___ ═
2023-05-18 13:36:49,272 INFO     ___FILE_ONLY___ ═
2023-05-18 13:36:49,393 INFO     ___FILE_ONLY___ ═
2023-05-18 13:36:49,406 INFO     ___FILE_ONLY___ ═
2023-05-18 13:36:49,502 INFO     ___FILE_ONLY___ ═
2023-05-18 13:36:49,514 INFO     ___FILE_ONLY___ ═
2023-05-18 13:36:49,536 INFO     ___FILE_ONLY___ ═
2023-05-18 13:36:49,556 INFO     ___FILE_ONLY___ ═
2023-05-18 13:36:49,574 INFO     ___FILE_ONLY___ ═
2023-05-18 13:36:49,609 INFO     ___FILE_ONLY___ ═
2023-05-18 13:36:49,623 INFO     ___FILE_ONLY___ ═
2023-05-18 13:36:49,636 INFO     ___FILE_ONLY___ ═
2023-05-18 13:36:49,651 INFO     ___FILE_ONLY___ ═
2023-05-18 13:36:49,669 INFO     ___FILE_ONLY___ ═
2023-05-18 13:36:49,687 INFO     ___FILE_ONLY___ ═
2023-05-18 13:36:49,705 INFO     ___FILE_ONLY___ ═
2023-05-18 13:36:50,316 INFO     ___FILE_ONLY___ ═
2023-05-18 13:36:50,599 INFO     ___FILE_ONLY___ ═
2023-05-18 13:36:50,610 INFO     ___FILE_ONLY___ ═
2023-05-18 13:36:50,622 INFO     ___FILE_ONLY___ ═
2023-05-18 13:36:50,622 INFO     ___FILE_ONLY___ ╝

2023-05-18 13:36:50,664 INFO     ___FILE_ONLY___ ╔════════════════════════════════════════════════════════════╗

2023-05-18 13:36:50,664 INFO     ___FILE_ONLY___ ╠═ Installing: Cloud Storage Command Line Tool              ═╣

2023-05-18 13:36:50,665 INFO     ___FILE_ONLY___ ╚
2023-05-18 13:36:50,667 DEBUG    urllib3.connectionpool Starting new HTTPS connection (1): dl.google.com:443
2023-05-18 13:36:50,686 DEBUG    urllib3.connectionpool https://dl.google.com:443 "GET /dl/cloudsdk/channels/rapid/components/google-cloud-sdk-gsutil-20230417163046.tar.gz HTTP/1.1" 200 16302836
2023-05-18 13:36:50,741 INFO     ___FILE_ONLY___ ═
2023-05-18 13:36:50,744 INFO     ___FILE_ONLY___ ═
2023-05-18 13:36:50,745 INFO     ___FILE_ONLY___ ═
2023-05-18 13:36:50,746 INFO     ___FILE_ONLY___ ═
2023-05-18 13:36:50,746 INFO     ___FILE_ONLY___ ═
2023-05-18 13:36:50,747 INFO     ___FILE_ONLY___ ═
2023-05-18 13:36:50,748 INFO     ___FILE_ONLY___ ═
2023-05-18 13:36:50,749 INFO     ___FILE_ONLY___ ═
2023-05-18 13:36:50,749 INFO     ___FILE_ONLY___ ═
2023-05-18 13:36:50,750 INFO     ___FILE_ONLY___ ═
2023-05-18 13:36:50,751 INFO     ___FILE_ONLY___ ═
2023-05-18 13:36:50,751 INFO     ___FILE_ONLY___ ═
2023-05-18 13:36:50,752 INFO     ___FILE_ONLY___ ═
2023-05-18 13:36:50,753 INFO     ___FILE_ONLY___ ═
2023-05-18 13:36:50,753 INFO     ___FILE_ONLY___ ═
2023-05-18 13:36:50,754 INFO     ___FILE_ONLY___ ═
2023-05-18 13:36:50,755 INFO     ___FILE_ONLY___ ═
2023-05-18 13:36:50,755 INFO     ___FILE_ONLY___ ═
2023-05-18 13:36:50,756 INFO     ___FILE_ONLY___ ═
2023-05-18 13:36:50,757 INFO     ___FILE_ONLY___ ═
2023-05-18 13:36:50,757 INFO     ___FILE_ONLY___ ═
2023-05-18 13:36:50,758 INFO     ___FILE_ONLY___ ═
2023-05-18 13:36:50,759 INFO     ___FILE_ONLY___ ═
2023-05-18 13:36:50,759 INFO     ___FILE_ONLY___ ═
2023-05-18 13:36:50,760 INFO     ___FILE_ONLY___ ═
2023-05-18 13:36:50,761 INFO     ___FILE_ONLY___ ═
2023-05-18 13:36:50,761 INFO     ___FILE_ONLY___ ═
2023-05-18 13:36:50,762 INFO     ___FILE_ONLY___ ═
2023-05-18 13:36:50,762 INFO     ___FILE_ONLY___ ═
2023-05-18 13:36:50,763 INFO     ___FILE_ONLY___ ═
2023-05-18 13:36:51,937 INFO     ___FILE_ONLY___ ═
2023-05-18 13:36:51,981 INFO     ___FILE_ONLY___ ═
2023-05-18 13:36:52,017 INFO     ___FILE_ONLY___ ═
2023-05-18 13:36:52,050 INFO     ___FILE_ONLY___ ═
2023-05-18 13:36:52,094 INFO     ___FILE_ONLY___ ═
2023-05-18 13:36:52,143 INFO     ___FILE_ONLY___ ═
2023-05-18 13:36:52,191 INFO     ___FILE_ONLY___ ═
2023-05-18 13:36:52,231 INFO     ___FILE_ONLY___ ═
2023-05-18 13:36:52,270 INFO     ___FILE_ONLY___ ═
2023-05-18 13:36:52,317 INFO     ___FILE_ONLY___ ═
2023-05-18 13:36:52,355 INFO     ___FILE_ONLY___ ═
2023-05-18 13:36:52,393 INFO     ___FILE_ONLY___ ═
2023-05-18 13:36:52,439 INFO     ___FILE_ONLY___ ═
2023-05-18 13:36:52,492 INFO     ___FILE_ONLY___ ═
2023-05-18 13:36:52,541 INFO     ___FILE_ONLY___ ═
2023-05-18 13:36:52,576 INFO     ___FILE_ONLY___ ═
2023-05-18 13:36:52,636 INFO     ___FILE_ONLY___ ═
2023-05-18 13:36:52,677 INFO     ___FILE_ONLY___ ═
2023-05-18 13:36:52,711 INFO     ___FILE_ONLY___ ═
2023-05-18 13:36:52,750 INFO     ___FILE_ONLY___ ═
2023-05-18 13:36:52,790 INFO     ___FILE_ONLY___ ═
2023-05-18 13:36:52,830 INFO     ___FILE_ONLY___ ═
2023-05-18 13:36:52,877 INFO     ___FILE_ONLY___ ═
2023-05-18 13:36:52,917 INFO     ___FILE_ONLY___ ═
2023-05-18 13:36:52,962 INFO     ___FILE_ONLY___ ═
2023-05-18 13:36:53,008 INFO     ___FILE_ONLY___ ═
2023-05-18 13:36:53,044 INFO     ___FILE_ONLY___ ═
2023-05-18 13:36:53,077 INFO     ___FILE_ONLY___ ═
2023-05-18 13:36:53,112 INFO     ___FILE_ONLY___ ═
2023-05-18 13:36:53,162 INFO     ___FILE_ONLY___ ═
2023-05-18 13:36:53,162 INFO     ___FILE_ONLY___ ╝

2023-05-18 13:36:53,244 INFO     ___FILE_ONLY___ ╔════════════════════════════════════════════════════════════╗

2023-05-18 13:36:53,244 INFO     ___FILE_ONLY___ ╠═ Installing: Cloud Storage Command Line Tool (Platform... ═╣

2023-05-18 13:36:53,244 INFO     ___FILE_ONLY___ ╚
2023-05-18 13:36:53,246 DEBUG    urllib3.connectionpool Starting new HTTPS connection (1): dl.google.com:443
2023-05-18 13:36:53,267 DEBUG    urllib3.connectionpool https://dl.google.com:443 "GET /dl/cloudsdk/channels/rapid/components/google-cloud-sdk-gsutil-nix-20220920185015.tar.gz HTTP/1.1" 200 1851
2023-05-18 13:36:53,267 INFO     ___FILE_ONLY___ ══════════════════════════════
2023-05-18 13:36:53,268 INFO     ___FILE_ONLY___ ══════════════════════════════
2023-05-18 13:36:53,268 INFO     ___FILE_ONLY___ ╝

2023-05-18 13:36:53,276 INFO     ___FILE_ONLY___ ╔════════════════════════════════════════════════════════════╗

2023-05-18 13:36:53,276 INFO     ___FILE_ONLY___ ╠═ Installing: Default set of gcloud commands               ═╣

2023-05-18 13:36:53,276 INFO     ___FILE_ONLY___ ╚
2023-05-18 13:36:53,280 INFO     ___FILE_ONLY___ ════════════════════════════════════════════════════════════
2023-05-18 13:36:53,280 INFO     ___FILE_ONLY___ ╝

2023-05-18 13:36:53,281 INFO     ___FILE_ONLY___ ╔════════════════════════════════════════════════════════════╗

2023-05-18 13:36:53,282 INFO     ___FILE_ONLY___ ╠═ Installing: Google Cloud CLI Core Libraries (Platform... ═╣

2023-05-18 13:36:53,282 INFO     ___FILE_ONLY___ ╚
2023-05-18 13:36:53,283 DEBUG    urllib3.connectionpool Starting new HTTPS connection (1): dl.google.com:443
2023-05-18 13:36:53,302 DEBUG    urllib3.connectionpool https://dl.google.com:443 "GET /dl/cloudsdk/channels/rapid/components/google-cloud-sdk-core-nix-20220920185015.tar.gz HTTP/1.1" 200 2221
2023-05-18 13:36:53,302 INFO     ___FILE_ONLY___ ══════════════════════════════
2023-05-18 13:36:53,303 INFO     ___FILE_ONLY___ ═══════════════
2023-05-18 13:36:53,304 INFO     ___FILE_ONLY___ ═══════════════
2023-05-18 13:36:53,304 INFO     ___FILE_ONLY___ ╝

2023-05-18 13:36:53,310 INFO     ___FILE_ONLY___ ╔════════════════════════════════════════════════════════════╗

2023-05-18 13:36:53,310 INFO     ___FILE_ONLY___ ╠═ Installing: Google Cloud CRC32C Hash Tool                ═╣

2023-05-18 13:36:53,311 INFO     ___FILE_ONLY___ ╚
2023-05-18 13:36:53,312 DEBUG    urllib3.connectionpool Starting new HTTPS connection (1): dl.google.com:443
2023-05-18 13:36:53,328 DEBUG    urllib3.connectionpool https://dl.google.com:443 "GET /dl/cloudsdk/channels/rapid/components/google-cloud-sdk-gcloud-crc32c-linux-x86_64-20230425182028.tar.gz HTTP/1.1" 200 1269461
2023-05-18 13:36:53,337 INFO     ___FILE_ONLY___ ═
2023-05-18 13:36:53,337 INFO     ___FILE_ONLY___ ═
2023-05-18 13:36:53,337 INFO     ___FILE_ONLY___ ═
2023-05-18 13:36:53,337 INFO     ___FILE_ONLY___ ═
2023-05-18 13:36:53,338 INFO     ___FILE_ONLY___ ═
2023-05-18 13:36:53,338 INFO     ___FILE_ONLY___ ═
2023-05-18 13:36:53,338 INFO     ___FILE_ONLY___ ═
2023-05-18 13:36:53,338 INFO     ___FILE_ONLY___ ═
2023-05-18 13:36:53,338 INFO     ___FILE_ONLY___ ═
2023-05-18 13:36:53,338 INFO     ___FILE_ONLY___ ═
2023-05-18 13:36:53,338 INFO     ___FILE_ONLY___ ═
2023-05-18 13:36:53,338 INFO     ___FILE_ONLY___ ═
2023-05-18 13:36:53,339 INFO     ___FILE_ONLY___ ═
2023-05-18 13:36:53,339 INFO     ___FILE_ONLY___ ═
2023-05-18 13:36:53,339 INFO     ___FILE_ONLY___ ═
2023-05-18 13:36:53,339 INFO     ___FILE_ONLY___ ═
2023-05-18 13:36:53,339 INFO     ___FILE_ONLY___ ═
2023-05-18 13:36:53,339 INFO     ___FILE_ONLY___ ═
2023-05-18 13:36:53,339 INFO     ___FILE_ONLY___ ═
2023-05-18 13:36:53,339 INFO     ___FILE_ONLY___ ═
2023-05-18 13:36:53,340 INFO     ___FILE_ONLY___ ═
2023-05-18 13:36:53,340 INFO     ___FILE_ONLY___ ═
2023-05-18 13:36:53,340 INFO     ___FILE_ONLY___ ═
2023-05-18 13:36:53,340 INFO     ___FILE_ONLY___ ═
2023-05-18 13:36:53,340 INFO     ___FILE_ONLY___ ═
2023-05-18 13:36:53,340 INFO     ___FILE_ONLY___ ═
2023-05-18 13:36:53,340 INFO     ___FILE_ONLY___ ═
2023-05-18 13:36:53,340 INFO     ___FILE_ONLY___ ═
2023-05-18 13:36:53,340 INFO     ___FILE_ONLY___ ═
2023-05-18 13:36:53,341 INFO     ___FILE_ONLY___ ═
2023-05-18 13:36:53,374 INFO     ___FILE_ONLY___ ═══════════════
2023-05-18 13:36:53,375 INFO     ___FILE_ONLY___ ═══════════════
2023-05-18 13:36:53,375 INFO     ___FILE_ONLY___ ╝

2023-05-18 13:36:53,412 INFO     ___FILE_ONLY___ ╔════════════════════════════════════════════════════════════╗

2023-05-18 13:36:53,412 INFO     ___FILE_ONLY___ ╠═ Installing: Google Cloud CRC32C Hash Tool                ═╣

2023-05-18 13:36:53,412 INFO     ___FILE_ONLY___ ╚
2023-05-18 13:36:53,416 INFO     ___FILE_ONLY___ ════════════════════════════════════════════════════════════
2023-05-18 13:36:53,416 INFO     ___FILE_ONLY___ ╝

2023-05-18 13:36:53,417 INFO     ___FILE_ONLY___ ╔════════════════════════════════════════════════════════════╗

2023-05-18 13:36:53,418 INFO     ___FILE_ONLY___ ╠═ Installing: anthoscli                                    ═╣

2023-05-18 13:36:53,418 INFO     ___FILE_ONLY___ ╚
2023-05-18 13:36:53,419 DEBUG    urllib3.connectionpool Starting new HTTPS connection (1): dl.google.com:443
2023-05-18 13:36:53,437 DEBUG    urllib3.connectionpool https://dl.google.com:443 "GET /dl/cloudsdk/channels/rapid/components/google-cloud-sdk-anthoscli-linux-x86_64-20230417163046.tar.gz HTTP/1.1" 200 71766688
2023-05-18 13:36:53,671 INFO     ___FILE_ONLY___ ═
2023-05-18 13:36:53,674 INFO     ___FILE_ONLY___ ═
2023-05-18 13:36:53,677 INFO     ___FILE_ONLY___ ═
2023-05-18 13:36:53,679 INFO     ___FILE_ONLY___ ═
2023-05-18 13:36:53,682 INFO     ___FILE_ONLY___ ═
2023-05-18 13:36:53,685 INFO     ___FILE_ONLY___ ═
2023-05-18 13:36:53,687 INFO     ___FILE_ONLY___ ═
2023-05-18 13:36:53,690 INFO     ___FILE_ONLY___ ═
2023-05-18 13:36:53,692 INFO     ___FILE_ONLY___ ═
2023-05-18 13:36:53,695 INFO     ___FILE_ONLY___ ═
2023-05-18 13:36:53,697 INFO     ___FILE_ONLY___ ═
2023-05-18 13:36:53,700 INFO     ___FILE_ONLY___ ═
2023-05-18 13:36:53,703 INFO     ___FILE_ONLY___ ═
2023-05-18 13:36:53,705 INFO     ___FILE_ONLY___ ═
2023-05-18 13:36:53,708 INFO     ___FILE_ONLY___ ═
2023-05-18 13:36:53,710 INFO     ___FILE_ONLY___ ═
2023-05-18 13:36:53,713 INFO     ___FILE_ONLY___ ═
2023-05-18 13:36:53,715 INFO     ___FILE_ONLY___ ═
2023-05-18 13:36:53,718 INFO     ___FILE_ONLY___ ═
2023-05-18 13:36:53,721 INFO     ___FILE_ONLY___ ═
2023-05-18 13:36:53,723 INFO     ___FILE_ONLY___ ═
2023-05-18 13:36:53,726 INFO     ___FILE_ONLY___ ═
2023-05-18 13:36:53,728 INFO     ___FILE_ONLY___ ═
2023-05-18 13:36:53,731 INFO     ___FILE_ONLY___ ═
2023-05-18 13:36:53,733 INFO     ___FILE_ONLY___ ═
2023-05-18 13:36:53,736 INFO     ___FILE_ONLY___ ═
2023-05-18 13:36:53,739 INFO     ___FILE_ONLY___ ═
2023-05-18 13:36:53,741 INFO     ___FILE_ONLY___ ═
2023-05-18 13:36:53,744 INFO     ___FILE_ONLY___ ═
2023-05-18 13:36:53,746 INFO     ___FILE_ONLY___ ═
2023-05-18 13:36:55,924 INFO     ___FILE_ONLY___ ══════════
2023-05-18 13:36:55,929 INFO     ___FILE_ONLY___ ═════════
2023-05-18 13:36:55,955 INFO     ___FILE_ONLY___ ═══════════
2023-05-18 13:36:55,955 INFO     ___FILE_ONLY___ ╝

2023-05-18 13:36:55,974 INFO     ___FILE_ONLY___ ╔════════════════════════════════════════════════════════════╗

2023-05-18 13:36:55,974 INFO     ___FILE_ONLY___ ╠═ Installing: anthoscli                                    ═╣

2023-05-18 13:36:55,975 INFO     ___FILE_ONLY___ ╚
2023-05-18 13:36:55,979 INFO     ___FILE_ONLY___ ════════════════════════════════════════════════════════════
2023-05-18 13:36:55,979 INFO     ___FILE_ONLY___ ╝

2023-05-18 13:36:55,980 INFO     ___FILE_ONLY___ ╔════════════════════════════════════════════════════════════╗

2023-05-18 13:36:55,980 INFO     ___FILE_ONLY___ ╠═ Installing: gcloud cli dependencies                      ═╣

2023-05-18 13:36:55,981 INFO     ___FILE_ONLY___ ╚
2023-05-18 13:36:55,983 DEBUG    urllib3.connectionpool Starting new HTTPS connection (1): dl.google.com:443
2023-05-18 13:36:56,009 DEBUG    urllib3.connectionpool https://dl.google.com:443 "GET /dl/cloudsdk/channels/rapid/components/google-cloud-sdk-gcloud-deps-linux-x86_64-20210416153011.tar.gz HTTP/1.1" 200 104
2023-05-18 13:36:56,010 INFO     ___FILE_ONLY___ ══════════════════════════════
2023-05-18 13:36:56,010 INFO     ___FILE_ONLY___ ══════════════════════════════
2023-05-18 13:36:56,011 INFO     ___FILE_ONLY___ ╝

2023-05-18 13:36:56,018 INFO     ___FILE_ONLY___ ╔════════════════════════════════════════════════════════════╗

2023-05-18 13:36:56,018 INFO     ___FILE_ONLY___ ╠═ Creating backup and activating new installation          ═╣

2023-05-18 13:36:56,018 INFO     ___FILE_ONLY___ ╚
2023-05-18 13:36:56,018 DEBUG    root            Attempting to move directory [/tools/google-cloud-sdk] to [/tools/google-cloud-sdk.staging/.install/.backup]
2023-05-18 13:36:56,018 INFO     ___FILE_ONLY___ ══════════════════════════════
2023-05-18 13:36:56,018 DEBUG    root            Attempting to move directory [/tools/google-cloud-sdk.staging] to [/tools/google-cloud-sdk]
2023-05-18 13:36:56,018 INFO     ___FILE_ONLY___ ══════════════════════════════
2023-05-18 13:36:56,018 INFO     ___FILE_ONLY___ ╝

2023-05-18 13:36:56,022 DEBUG    root            Updating notification cache...
2023-05-18 13:36:56,022 INFO     ___FILE_ONLY___ 

2023-05-18 13:36:56,024 INFO     ___FILE_ONLY___ Performing post processing steps...
2023-05-18 13:36:56,024 DEBUG    root            Executing command: ['python3', '-S', '/tools/google-cloud-sdk/lib/gcloud.py', 'components', 'post-process']
2023-05-18 13:37:20,507 DEBUG    ___FILE_ONLY___ 
2023-05-18 13:37:20,508 DEBUG    ___FILE_ONLY___ 
2023-05-18 13:37:20,560 INFO     ___FILE_ONLY___ 
Update done!


2023-05-18 13:37:20,564 DEBUG    root            Chosen display Format:none
2023-05-18 13:37:20,564 INFO     root            Display format: "none"
